2025-11-19 13:42:24,308 - __main__ - INFO - JobBot initialized
2025-11-19 13:42:24,308 - WDM - INFO - ====== WebDriver manager ======
2025-11-19 13:42:25,302 - WDM - INFO - Get LATEST chromedriver version for google-chrome
2025-11-19 13:42:25,663 - WDM - INFO - Get LATEST chromedriver version for google-chrome
2025-11-19 13:42:25,970 - WDM - INFO - Driver [C:\Users\recru\.wdm\drivers\chromedriver\win64\142.0.7444.175\chromedriver-win32/chromedriver.exe] found in cache
2025-11-19 13:42:27,094 - __main__ - INFO - WebDriver setup successful
2025-11-19 13:42:27,102 - __main__ - INFO - Loaded 2 active candidates
2025-11-19 13:42:27,106 - __main__ - INFO - 
==================================================
2025-11-19 13:42:27,106 - __main__ - INFO - Processing candidate 1/2
2025-11-19 13:42:27,107 - __main__ - INFO - ==================================================

2025-11-19 13:42:27,107 - __main__ - INFO - Processing candidate: guruteja233@gmail.com
2025-11-19 13:42:46,275 - __main__ - INFO - Login successful for guruteja233@gmail.com
2025-11-19 13:42:46,275 - __main__ - INFO - Using candidate preferred location: Los Angeles
2025-11-19 13:42:46,276 - __main__ - INFO - Searching: Software Engineer in Los Angeles
2025-11-19 13:42:50,438 - __main__ - INFO - Clearing default location and setting: Los Angeles
2025-11-19 13:43:00,000 - __main__ - INFO - Search complete for keywords: Software Engineer, location: Los Angeles
2025-11-19 13:43:00,018 - __main__ - INFO - Found 10 job listings in current search
2025-11-19 13:43:02,382 - __main__ - INFO - Using fallback job ID: job_aa3183f1_0
2025-11-19 13:43:02,382 - __main__ - INFO - Final Job ID: job_aa3183f1_0, Title: Test Automation Software Engineer
2025-11-19 13:43:02,382 - __main__ - INFO - Skipping job job_aa3183f1_0 (Test Automation Software Engineer) - already applied
2025-11-19 13:43:04,290 - __main__ - INFO - Using fallback job ID: job_67b6a645_1
2025-11-19 13:43:04,291 - __main__ - INFO - Final Job ID: job_67b6a645_1, Title: Software Process Engineer
2025-11-19 13:43:04,291 - __main__ - INFO - Skipping job job_67b6a645_1 (Software Process Engineer) - already applied
2025-11-19 13:43:07,318 - __main__ - INFO - Using fallback job ID: job_2fd1ea19_2
2025-11-19 13:43:07,318 - __main__ - INFO - Final Job ID: job_2fd1ea19_2, Title: TS/SCI Software Engineer
2025-11-19 13:43:07,318 - __main__ - INFO - Skipping job job_2fd1ea19_2 (TS/SCI Software Engineer) - already applied
2025-11-19 13:43:09,719 - __main__ - INFO - Using fallback job ID: job_19c01819_3
2025-11-19 13:43:09,719 - __main__ - INFO - Final Job ID: job_19c01819_3, Title: TS/SCI C++ Software Engineer
2025-11-19 13:43:09,719 - __main__ - INFO - Processing new job: TS/SCI C++ Software Engineer
2025-11-19 13:43:09,731 - __main__ - INFO - Clicked job using JavaScript
2025-11-19 13:43:23,763 - __main__ - INFO - Found apply button with: //a[contains(text(), "Apply")]
2025-11-19 13:43:25,276 - __main__ - INFO - Clicked apply button using JavaScript
2025-11-19 13:43:29,828 - __main__ - INFO - Starting application form fill process
2025-11-19 13:43:39,895 - __main__ - WARNING - Resume selection radio not found - may already be uploaded
2025-11-19 13:43:49,963 - __main__ - WARNING - LinkedIn URL field not found
2025-11-19 13:43:59,972 - __main__ - WARNING - Phone field not found
2025-11-19 13:44:20,053 - __main__ - WARNING - Minimum requirements question not found
2025-11-19 13:44:30,126 - __main__ - ERROR - "Apply Now" button not found
2025-11-19 13:44:30,126 - __main__ - WARNING - Application form submission may have failed for: TS/SCI C++ Software Engineer
2025-11-19 13:44:30,132 - __main__ - INFO - Saved application record: TS/SCI C++ Software Engineer
2025-11-19 13:44:42,964 - __main__ - INFO - Processed all 0 jobs in this search
2025-11-19 13:44:42,965 - __main__ - INFO - Applied to 0 jobs in this search for guruteja233@gmail.com
2025-11-19 13:44:42,965 - __main__ - INFO - Searching: Python Developer in Los Angeles
2025-11-19 13:44:50,948 - __main__ - INFO - Clearing default location and setting: Los Angeles
2025-11-19 13:45:02,286 - __main__ - INFO - Search complete for keywords: Python Developer, location: Los Angeles
2025-11-19 13:45:02,300 - __main__ - INFO - Found 2 job listings in current search
2025-11-19 13:45:04,788 - __main__ - INFO - Using fallback job ID: job_2755edea_0
2025-11-19 13:45:04,788 - __main__ - INFO - Final Job ID: job_2755edea_0, Title: REMOTE - Sr. Python Developer - (CA, WA, NV, AZ, OR, ID)
2025-11-19 13:45:04,789 - __main__ - INFO - Skipping job job_2755edea_0 (REMOTE - Sr. Python Developer - (CA, WA, NV, AZ, OR, ID)) - already applied
2025-11-19 13:45:06,681 - __main__ - INFO - Using fallback job ID: job_2b8ddfd1_1
2025-11-19 13:45:06,681 - __main__ - INFO - Final Job ID: job_2b8ddfd1_1, Title: Splunk Engineer/Linux Engineer/Service Now Developer
2025-11-19 13:45:06,681 - __main__ - INFO - Skipping job job_2b8ddfd1_1 (Splunk Engineer/Linux Engineer/Service Now Developer) - already applied
2025-11-19 13:45:06,691 - __main__ - INFO - Processed all 2 jobs in this search
2025-11-19 13:45:06,691 - __main__ - INFO - Applied to 0 jobs in this search for guruteja233@gmail.com
2025-11-19 13:45:06,692 - __main__ - INFO - Searching: Full Stack Developer in Los Angeles
2025-11-19 13:45:11,055 - __main__ - INFO - Clearing default location and setting: Los Angeles
2025-11-19 13:45:20,355 - __main__ - INFO - Search complete for keywords: Full Stack Developer, location: Los Angeles
2025-11-19 13:45:20,369 - __main__ - INFO - Found 3 job listings in current search
2025-11-19 13:45:22,902 - __main__ - INFO - Using fallback job ID: job_2755edea_0
2025-11-19 13:45:22,902 - __main__ - INFO - Final Job ID: job_2755edea_0, Title: REMOTE - Sr. Python Developer - (CA, WA, NV, AZ, OR, ID)
2025-11-19 13:45:22,903 - __main__ - INFO - Skipping job job_2755edea_0 (REMOTE - Sr. Python Developer - (CA, WA, NV, AZ, OR, ID)) - already applied
2025-11-19 13:45:25,628 - __main__ - INFO - Using fallback job ID: job_2b815d65_1
2025-11-19 13:45:25,628 - __main__ - INFO - Final Job ID: job_2b815d65_1, Title: TS/SCI Software Engineer 4
2025-11-19 13:45:25,628 - __main__ - INFO - Skipping job job_2b815d65_1 (TS/SCI Software Engineer 4) - already applied
2025-11-19 13:45:28,358 - __main__ - INFO - Using fallback job ID: job_95a6682c_2
2025-11-19 13:45:28,359 - __main__ - INFO - Final Job ID: job_95a6682c_2, Title: Lead Software Engineer
2025-11-19 13:45:28,359 - __main__ - INFO - Processing new job: Lead Software Engineer
2025-11-19 13:45:28,368 - __main__ - INFO - Clicked job using JavaScript
2025-11-19 13:45:42,440 - __main__ - INFO - Found apply button with: //a[contains(text(), "Apply")]
2025-11-19 13:45:44,137 - __main__ - INFO - Clicked apply button using JavaScript
2025-11-19 13:45:47,210 - __main__ - INFO - Starting application form fill process
2025-11-19 13:45:57,258 - __main__ - WARNING - Resume selection radio not found - may already be uploaded
2025-11-19 13:46:07,325 - __main__ - WARNING - LinkedIn URL field not found
2025-11-19 13:46:17,360 - __main__ - WARNING - Phone field not found
2025-11-19 13:46:37,429 - __main__ - WARNING - Minimum requirements question not found
2025-11-19 13:46:47,444 - __main__ - ERROR - "Apply Now" button not found
2025-11-19 13:46:47,444 - __main__ - WARNING - Application form submission may have failed for: Lead Software Engineer
2025-11-19 13:46:47,448 - __main__ - INFO - Saved application record: Lead Software Engineer
2025-11-19 13:47:00,959 - __main__ - INFO - Processed all 0 jobs in this search
2025-11-19 13:47:00,959 - __main__ - INFO - Applied to 0 jobs in this search for guruteja233@gmail.com
2025-11-19 13:47:00,959 - __main__ - INFO - Total applications for guruteja233@gmail.com: 0
2025-11-19 13:47:11,015 - __main__ - INFO - Found logout link with: //a[contains(@href,'logout')]
2025-11-19 13:47:15,747 - __main__ - INFO - Logged out successfully
2025-11-19 13:47:15,748 - __main__ - INFO - Waiting 55.8 seconds before next candidate...
2025-11-19 13:48:11,539 - __main__ - INFO - 
==================================================
2025-11-19 13:48:11,541 - __main__ - INFO - Processing candidate 2/2
2025-11-19 13:48:11,541 - __main__ - INFO - ==================================================

2025-11-19 13:48:11,541 - __main__ - INFO - Processing candidate: candidate2@gmail.com
2025-11-19 13:48:59,575 - __main__ - ERROR - Login verification failed for candidate2@gmail.com
2025-11-19 13:48:59,575 - __main__ - ERROR - Login failed for candidate2@gmail.com
2025-11-19 13:48:59,576 - __main__ - INFO - 
All candidates processed successfully!
2025-11-19 13:49:01,860 - __main__ - INFO - Browser closed
