2025-11-21 08:11:05,557 - __main__ - INFO - JobBot initialized
2025-11-21 08:11:05,557 - WDM - INFO - ====== WebDriver manager ======
2025-11-21 08:11:06,928 - WDM - INFO - Get LATEST chromedriver version for google-chrome
2025-11-21 08:11:07,591 - WDM - INFO - Get LATEST chromedriver version for google-chrome
2025-11-21 08:11:07,956 - WDM - INFO - Get LATEST chromedriver version for google-chrome
2025-11-21 08:11:09,138 - WDM - INFO - WebDriver version 142.0.7444.175 selected
2025-11-21 08:11:09,146 - WDM - INFO - Modern chrome version https://storage.googleapis.com/chrome-for-testing-public/142.0.7444.175/win32/chromedriver-win32.zip
2025-11-21 08:11:09,148 - WDM - INFO - About to download new driver from https://storage.googleapis.com/chrome-for-testing-public/142.0.7444.175/win32/chromedriver-win32.zip
2025-11-21 08:11:09,540 - WDM - INFO - Driver downloading response is 200
2025-11-21 08:11:10,472 - WDM - INFO - Get LATEST chromedriver version for google-chrome
2025-11-21 08:11:11,669 - WDM - INFO - Driver has been saved in cache [C:\Users\recru\.wdm\drivers\chromedriver\win64\142.0.7444.175]
2025-11-21 08:11:13,711 - __main__ - INFO - WebDriver setup successful
2025-11-21 08:11:13,731 - __main__ - INFO - Loaded 2 active candidates
2025-11-21 08:11:13,731 - __main__ - INFO - 
==================================================
2025-11-21 08:11:13,731 - __main__ - INFO - Processing candidate 1/2
2025-11-21 08:11:13,731 - __main__ - INFO - ==================================================

2025-11-21 08:11:13,731 - __main__ - INFO - Processing candidate: guruteja233@gmail.com
2025-11-21 08:11:36,743 - __main__ - INFO - Login successful for guruteja233@gmail.com
2025-11-21 08:11:36,743 - __main__ - INFO - Using candidate preferred location: Los Angeles
2025-11-21 08:11:36,743 - __main__ - INFO - Searching: AI Engineer in Los Angeles
2025-11-21 08:11:42,204 - __main__ - INFO - Clearing default location and setting: Los Angeles
2025-11-21 08:11:53,517 - __main__ - INFO - Search complete for keywords: AI Engineer, location: Los Angeles
2025-11-21 08:11:53,535 - __main__ - INFO - Found 2 job listings in current search
2025-11-21 08:11:55,359 - __main__ - INFO - Using fallback job ID: job_8f115a0e_0
2025-11-21 08:11:55,360 - __main__ - INFO - Final Job ID: job_8f115a0e_0, Title: Space AI&T Engineer
2025-11-21 08:11:55,360 - __main__ - INFO - Processing new job: Space AI&T Engineer
2025-11-21 08:11:55,370 - __main__ - INFO - Clicked job using JavaScript
2025-11-21 08:11:58,069 - __main__ - INFO - Found apply button with: //a[contains(@class, "quick-apply")]
2025-11-21 08:12:01,791 - __main__ - INFO - Clicked apply button using JavaScript
2025-11-21 08:12:05,071 - __main__ - INFO - Starting application form fill process
2025-11-21 08:12:05,113 - __main__ - INFO - Selected resume radio button
2025-11-21 08:12:06,217 - __main__ - INFO - Filled LinkedIn URL: https://www.linkedin.com/in/guruteja
2025-11-21 08:12:07,003 - __main__ - INFO - Filled phone number: 1234567890
2025-11-21 08:12:07,859 - __main__ - INFO - Selected "No" for minimum requirements
2025-11-21 08:12:15,216 - __main__ - INFO - Clicked "Apply Now" button
2025-11-21 08:12:21,097 - __main__ - INFO - Clicked "Back to Search Results"
2025-11-21 08:12:22,717 - __main__ - INFO - Saved application record: Space AI&T Engineer
2025-11-21 08:12:22,717 - __main__ - INFO - Successfully applied to: Space AI&T Engineer
2025-11-21 08:12:27,030 - __main__ - INFO - Using fallback job ID: job_408362bf_1
2025-11-21 08:12:27,030 - __main__ - INFO - Final Job ID: job_408362bf_1, Title: Front End Engineer
2025-11-21 08:12:27,030 - __main__ - INFO - Processing new job: Front End Engineer
2025-11-21 08:12:27,037 - __main__ - INFO - Clicked job using JavaScript
2025-11-21 08:12:40,262 - __main__ - INFO - Found apply button with: //a[contains(text(), "Apply")]
2025-11-21 08:12:42,233 - __main__ - INFO - Clicked apply button using JavaScript
2025-11-21 08:12:45,689 - __main__ - INFO - Starting application form fill process
2025-11-21 08:12:55,746 - __main__ - WARNING - Resume selection radio not found - may already be uploaded
2025-11-21 08:13:05,785 - __main__ - WARNING - LinkedIn URL field not found
2025-11-21 08:13:15,809 - __main__ - WARNING - Phone field not found
2025-11-21 08:13:35,875 - __main__ - WARNING - Minimum requirements question not found
2025-11-21 08:13:45,924 - __main__ - ERROR - "Apply Now" button not found
2025-11-21 08:13:45,925 - __main__ - WARNING - Application form submission may have failed for: Front End Engineer
2025-11-21 08:13:45,940 - __main__ - INFO - Saved application record: Front End Engineer
2025-11-21 08:13:58,374 - __main__ - INFO - Processed all 0 jobs in this search
2025-11-21 08:13:58,375 - __main__ - INFO - Applied to 1 jobs in this search for guruteja233@gmail.com
2025-11-21 08:13:58,375 - __main__ - INFO - Searching: ML Engineer in Los Angeles
2025-11-21 08:14:05,782 - __main__ - INFO - Clearing default location and setting: Los Angeles
2025-11-21 08:14:17,850 - __main__ - INFO - Search complete for keywords: ML Engineer, location: Los Angeles
2025-11-21 08:14:27,890 - __main__ - INFO - Found 0 job listings in current search
2025-11-21 08:14:27,890 - __main__ - INFO - Processed all 0 jobs in this search
2025-11-21 08:14:27,891 - __main__ - INFO - Applied to 0 jobs in this search for guruteja233@gmail.com
2025-11-21 08:14:27,891 - __main__ - INFO - Searching:  in Los Angeles
2025-11-21 08:14:34,629 - __main__ - INFO - Clearing default location and setting: Los Angeles
2025-11-21 08:14:38,593 - __main__ - ERROR - Search failed: Message: invalid session id: session deleted as the browser has closed the connection
from disconnected: not connected to DevTools
  (Session info: chrome=142.0.7444.176); For documentation on this error, please visit: https://www.selenium.dev/documentation/webdriver/troubleshooting/errors#invalidsessionidexception
Stacktrace:
Symbols not available. Dumping unresolved backtrace:
	0x10e4103
	0x10e4144
	0xeee71d
	0xedd910
	0xefc714
	0xf63475
	0xf7e749
	0xf5c706
	0xf2da30
	0xf2ed54
	0x13557b4
	0x135098a
	0x110c392
	0x10fc4c8
	0x110324d
	0x10ec478
	0x10ec63c
	0x10d67ca
	0x76265d49
	0x7717d6db
	0x7717d661

2025-11-21 08:14:38,594 - __main__ - INFO - Total applications for guruteja233@gmail.com: 1
2025-11-21 08:14:38,716 - __main__ - ERROR - Logout failed: Message: invalid session id; For documentation on this error, please visit: https://www.selenium.dev/documentation/webdriver/troubleshooting/errors#invalidsessionidexception
Stacktrace:
Symbols not available. Dumping unresolved backtrace:
	0x10e4103
	0x10e4144
	0xeee56b
	0xf2ce58
	0xf5c7c6
	0xf58030
	0xf57563
	0xebe4dd
	0xebea6e
	0xebef3d
	0x13557b4
	0x135098a
	0x110c392
	0x10fc4c8
	0x110324d
	0xebe193
	0xebd848
	0x14ab0cf
	0x76265d49
	0x7717d6db
	0x7717d661

2025-11-21 08:14:38,717 - __main__ - INFO - Waiting 47.7 seconds before next candidate...
2025-11-21 08:15:26,392 - __main__ - INFO - 
==================================================
2025-11-21 08:15:26,392 - __main__ - INFO - Processing candidate 2/2
2025-11-21 08:15:26,393 - __main__ - INFO - ==================================================

2025-11-21 08:15:26,393 - __main__ - INFO - Processing candidate: nan
2025-11-21 08:15:26,395 - __main__ - ERROR - Login failed for nan: Message: invalid session id; For documentation on this error, please visit: https://www.selenium.dev/documentation/webdriver/troubleshooting/errors#invalidsessionidexception
Stacktrace:
Symbols not available. Dumping unresolved backtrace:
	0x10e4103
	0x10e4144
	0xeee56b
	0xf2ce58
	0xf5c7c6
	0xf58030
	0xf57563
	0xebe4dd
	0xebea6e
	0xebef3d
	0x13557b4
	0x135098a
	0x110c392
	0x10fc4c8
	0x110324d
	0xebe193
	0xebd848
	0x14ab0cf
	0x76265d49
	0x7717d6db
	0x7717d661

2025-11-21 08:15:26,396 - __main__ - ERROR - Login failed for nan
2025-11-21 08:15:26,397 - __main__ - INFO - 
All candidates processed successfully!
2025-11-21 08:15:28,419 - __main__ - INFO - Browser closed
